* installing *source* package ‘fields’ ...
** using staged installation
** libs
clang -I"/Library/Frameworks/R.framework/Resources/include" -DNDEBUG   -I/usr/local/include   -fPIC  -Wall -g -O2  -c ExponentialUpperC.c -o ExponentialUpperC.o
clang -I"/Library/Frameworks/R.framework/Resources/include" -DNDEBUG   -I/usr/local/include   -fPIC  -Wall -g -O2  -c RdistEarth.c -o RdistEarth.o
clang -I"/Library/Frameworks/R.framework/Resources/include" -DNDEBUG   -I/usr/local/include   -fPIC  -Wall -g -O2  -c addToDiagC.c -o addToDiagC.o
clang -I"/Library/Frameworks/R.framework/Resources/include" -DNDEBUG   -I/usr/local/include   -fPIC  -Wall -g -O2  -c compactToMatC.c -o compactToMatC.o
clang -I"/Library/Frameworks/R.framework/Resources/include" -DNDEBUG   -I/usr/local/include   -fPIC  -Wall -g -O2  -c expfnC.c -o expfnC.o
gfortran -mmacosx-version-min=10.13 -fno-optimize-sibling-calls  -fPIC  -Wall -g -O2  -c fieldsF77Code.f -o fieldsF77Code.o
clang -I"/Library/Frameworks/R.framework/Resources/include" -DNDEBUG   -I/usr/local/include   -fPIC  -Wall -g -O2  -c init.c -o init.o
clang -I"/Library/Frameworks/R.framework/Resources/include" -DNDEBUG   -I/usr/local/include   -fPIC  -Wall -g -O2  -c multebC.c -o multebC.o
clang -I"/Library/Frameworks/R.framework/Resources/include" -DNDEBUG   -I/usr/local/include   -fPIC  -Wall -g -O2  -c rdistC.c -o rdistC.o
clang -dynamiclib -Wl,-headerpad_max_install_names -undefined dynamic_lookup -single_module -multiply_defined suppress -L/Library/Frameworks/R.framework/Resources/lib -L/usr/local/lib -o fields.so ExponentialUpperC.o RdistEarth.o addToDiagC.o compactToMatC.o expfnC.o fieldsF77Code.o init.o multebC.o rdistC.o -L/usr/local/gfortran/lib/gcc/x86_64-apple-darwin18/8.2.0 -L/usr/local/gfortran/lib -lgfortran -lquadmath -lm -F/Library/Frameworks/R.framework/.. -framework R -Wl,-framework -Wl,CoreFoundation
ld: warning: directory not found for option '-L/usr/local/gfortran/lib/gcc/x86_64-apple-darwin18/8.2.0'
ld: warning: directory not found for option '-L/usr/local/gfortran/lib'
installing to /Users/nychka/Dropbox/Home/Repositories/fields/fields.Rcheck/00LOCK-fields/00new/fields/libs
** R
** data
** inst
** byte-compile and prepare package for lazy loading
** help
*** installing help indices
** building package indices
** testing if installed package can be loaded from temporary location
** checking absolute paths in shared objects and dynamic libraries
** testing if installed package can be loaded from final location
** testing if installed package keeps a record of temporary installation path
* DONE (fields)
