This is pdfTeX, Version 3.14159265-2.6-1.40.20 (TeX Live 2019) (preloaded format=pdflatex 2019.5.8)  6 MAY 2021 14:51
entering extended mode
 restricted \write18 enabled.
 %&-line parsing enabled.
**\nonstopmode \input ./Rd2.tex \input ./Rd2.tex \input ./Rd2.tex \input ./Rd2.
tex \input ./Rd2.tex
(./Rd2.tex
(/usr/local/texlive/2019/texmf-dist/tex/latex/base/book.cls
Document Class: book 2018/09/03 v1.4i Standard LaTeX document class
(/usr/local/texlive/2019/texmf-dist/tex/latex/base/bk10.clo
File: bk10.clo 2018/09/03 v1.4i Standard LaTeX file (size option)
)
\c@part=\count80
\c@chapter=\count81
\c@section=\count82
\c@subsection=\count83
\c@subsubsection=\count84
\c@paragraph=\count85
\c@subparagraph=\count86
\c@figure=\count87
\c@table=\count88
\abovecaptionskip=\skip41
\belowcaptionskip=\skip42
\bibindent=\dimen102
)
(/Library/Frameworks/R.framework/Resources/share/texmf/tex/latex/Rd.sty
Package: Rd 

(/usr/local/texlive/2019/texmf-dist/tex/latex/base/ifthen.sty
Package: ifthen 2014/09/29 v1.1c Standard LaTeX ifthen package (DPC)
)
(/usr/local/texlive/2019/texmf-dist/tex/latex/tools/longtable.sty
Package: longtable 2014/10/28 v4.11 Multi-page Table package (DPC)+ FMi change
\LTleft=\skip43
\LTright=\skip44
\LTpre=\skip45
\LTpost=\skip46
\LTchunksize=\count89
\LTcapwidth=\dimen103
\LT@head=\box27
\LT@firsthead=\box28
\LT@foot=\box29
\LT@lastfoot=\box30
\LT@cols=\count90
\LT@rows=\count91
\c@LT@tables=\count92
\c@LT@chunks=\count93
\LT@p@ftn=\toks14
)
(/usr/local/texlive/2019/texmf-dist/tex/latex/tools/bm.sty
Package: bm 2017/01/16 v1.2c Bold Symbol Support (DPC/FMi)
\symboldoperators=\mathgroup4
\symboldletters=\mathgroup5
\symboldsymbols=\mathgroup6
LaTeX Font Info:    Redeclaring math alphabet \mathbf on input line 141.
LaTeX Info: Redefining \bm on input line 207.
)
(/usr/local/texlive/2019/texmf-dist/tex/latex/base/alltt.sty
Package: alltt 1997/06/16 v2.0g defines alltt environment
)
(/usr/local/texlive/2019/texmf-dist/tex/latex/tools/verbatim.sty
Package: verbatim 2014/10/28 v1.5q LaTeX2e package for verbatim enhancements
\every@verbatim=\toks15
\verbatim@line=\toks16
\verbatim@in@stream=\read1
)
(/usr/local/texlive/2019/texmf-dist/tex/latex/url/url.sty
\Urlmuskip=\muskip10
Package: url 2013/09/16  ver 3.4  Verb mode for urls, etc.
)
(/usr/local/texlive/2019/texmf-dist/tex/latex/base/textcomp.sty
Package: textcomp 2018/08/11 v2.0j Standard LaTeX package
Package textcomp Info: Sub-encoding information:
(textcomp)               5 = only ISO-Adobe without \textcurrency
(textcomp)               4 = 5 + \texteuro
(textcomp)               3 = 4 + \textohm
(textcomp)               2 = 3 + \textestimated + \textcurrency
(textcomp)               1 = TS1 - \textcircled - \t
(textcomp)               0 = TS1 (full)
(textcomp)             Font families with sub-encoding setting implement
(textcomp)             only a restricted character set as indicated.
(textcomp)             Family '?' is the default used for unknown fonts.
(textcomp)             See the documentation for details.
Package textcomp Info: Setting ? sub-encoding to TS1/1 on input line 79.

(/usr/local/texlive/2019/texmf-dist/tex/latex/base/ts1enc.def
File: ts1enc.def 2001/06/05 v3.0e (jk/car/fm) Standard LaTeX file
Now handling font encoding TS1 ...
... processing UTF-8 mapping file for font encoding TS1

(/usr/local/texlive/2019/texmf-dist/tex/latex/base/ts1enc.dfu
File: ts1enc.dfu 2018/10/05 v1.2f UTF-8 support for inputenc
   defining Unicode char U+00A2 (decimal 162)
   defining Unicode char U+00A3 (decimal 163)
   defining Unicode char U+00A4 (decimal 164)
   defining Unicode char U+00A5 (decimal 165)
   defining Unicode char U+00A6 (decimal 166)
   defining Unicode char U+00A7 (decimal 167)
   defining Unicode char U+00A8 (decimal 168)
   defining Unicode char U+00A9 (decimal 169)
   defining Unicode char U+00AA (decimal 170)
   defining Unicode char U+00AC (decimal 172)
   defining Unicode char U+00AE (decimal 174)
   defining Unicode char U+00AF (decimal 175)
   defining Unicode char U+00B0 (decimal 176)
   defining Unicode char U+00B1 (decimal 177)
   defining Unicode char U+00B2 (decimal 178)
   defining Unicode char U+00B3 (decimal 179)
   defining Unicode char U+00B4 (decimal 180)
   defining Unicode char U+00B5 (decimal 181)
   defining Unicode char U+00B6 (decimal 182)
   defining Unicode char U+00B7 (decimal 183)
   defining Unicode char U+00B9 (decimal 185)
   defining Unicode char U+00BA (decimal 186)
   defining Unicode char U+00BC (decimal 188)
   defining Unicode char U+00BD (decimal 189)
   defining Unicode char U+00BE (decimal 190)
   defining Unicode char U+00D7 (decimal 215)
   defining Unicode char U+00F7 (decimal 247)
   defining Unicode char U+0192 (decimal 402)
   defining Unicode char U+02C7 (decimal 711)
   defining Unicode char U+02D8 (decimal 728)
   defining Unicode char U+02DD (decimal 733)
   defining Unicode char U+0E3F (decimal 3647)
   defining Unicode char U+2016 (decimal 8214)
   defining Unicode char U+2020 (decimal 8224)
   defining Unicode char U+2021 (decimal 8225)
   defining Unicode char U+2022 (decimal 8226)
   defining Unicode char U+2030 (decimal 8240)
   defining Unicode char U+2031 (decimal 8241)
   defining Unicode char U+203B (decimal 8251)
   defining Unicode char U+203D (decimal 8253)
   defining Unicode char U+2044 (decimal 8260)
   defining Unicode char U+204E (decimal 8270)
   defining Unicode char U+2052 (decimal 8274)
   defining Unicode char U+20A1 (decimal 8353)
   defining Unicode char U+20A4 (decimal 8356)
   defining Unicode char U+20A6 (decimal 8358)
   defining Unicode char U+20A9 (decimal 8361)
   defining Unicode char U+20AB (decimal 8363)
   defining Unicode char U+20AC (decimal 8364)
   defining Unicode char U+20B1 (decimal 8369)
   defining Unicode char U+2103 (decimal 8451)
   defining Unicode char U+2116 (decimal 8470)
   defining Unicode char U+2117 (decimal 8471)
   defining Unicode char U+211E (decimal 8478)
   defining Unicode char U+2120 (decimal 8480)
   defining Unicode char U+2122 (decimal 8482)
   defining Unicode char U+2126 (decimal 8486)
   defining Unicode char U+2127 (decimal 8487)
   defining Unicode char U+212E (decimal 8494)
   defining Unicode char U+2190 (decimal 8592)
   defining Unicode char U+2191 (decimal 8593)
   defining Unicode char U+2192 (decimal 8594)
   defining Unicode char U+2193 (decimal 8595)
   defining Unicode char U+2329 (decimal 9001)
   defining Unicode char U+232A (decimal 9002)
   defining Unicode char U+2422 (decimal 9250)
   defining Unicode char U+25E6 (decimal 9702)
   defining Unicode char U+25EF (decimal 9711)
   defining Unicode char U+266A (decimal 9834)
   defining Unicode char U+FEFF (decimal 65279)
))
LaTeX Info: Redefining \oldstylenums on input line 334.
Package textcomp Info: Setting cmr sub-encoding to TS1/0 on input line 349.
Package textcomp Info: Setting cmss sub-encoding to TS1/0 on input line 350.
Package textcomp Info: Setting cmtt sub-encoding to TS1/0 on input line 351.
Package textcomp Info: Setting cmvtt sub-encoding to TS1/0 on input line 352.
Package textcomp Info: Setting cmbr sub-encoding to TS1/0 on input line 353.
Package textcomp Info: Setting cmtl sub-encoding to TS1/0 on input line 354.
Package textcomp Info: Setting ccr sub-encoding to TS1/0 on input line 355.
Package textcomp Info: Setting ptm sub-encoding to TS1/4 on input line 356.
Package textcomp Info: Setting pcr sub-encoding to TS1/4 on input line 357.
Package textcomp Info: Setting phv sub-encoding to TS1/4 on input line 358.
Package textcomp Info: Setting ppl sub-encoding to TS1/3 on input line 359.
Package textcomp Info: Setting pag sub-encoding to TS1/4 on input line 360.
Package textcomp Info: Setting pbk sub-encoding to TS1/4 on input line 361.
Package textcomp Info: Setting pnc sub-encoding to TS1/4 on input line 362.
Package textcomp Info: Setting pzc sub-encoding to TS1/4 on input line 363.
Package textcomp Info: Setting bch sub-encoding to TS1/4 on input line 364.
Package textcomp Info: Setting put sub-encoding to TS1/5 on input line 365.
Package textcomp Info: Setting uag sub-encoding to TS1/5 on input line 366.
Package textcomp Info: Setting ugq sub-encoding to TS1/5 on input line 367.
Package textcomp Info: Setting ul8 sub-encoding to TS1/4 on input line 368.
Package textcomp Info: Setting ul9 sub-encoding to TS1/4 on input line 369.
Package textcomp Info: Setting augie sub-encoding to TS1/5 on input line 370.
Package textcomp Info: Setting dayrom sub-encoding to TS1/3 on input line 371.
Package textcomp Info: Setting dayroms sub-encoding to TS1/3 on input line 372.

Package textcomp Info: Setting pxr sub-encoding to TS1/0 on input line 373.
Package textcomp Info: Setting pxss sub-encoding to TS1/0 on input line 374.
Package textcomp Info: Setting pxtt sub-encoding to TS1/0 on input line 375.
Package textcomp Info: Setting txr sub-encoding to TS1/0 on input line 376.
Package textcomp Info: Setting txss sub-encoding to TS1/0 on input line 377.
Package textcomp Info: Setting txtt sub-encoding to TS1/0 on input line 378.
Package textcomp Info: Setting lmr sub-encoding to TS1/0 on input line 379.
Package textcomp Info: Setting lmdh sub-encoding to TS1/0 on input line 380.
Package textcomp Info: Setting lmss sub-encoding to TS1/0 on input line 381.
Package textcomp Info: Setting lmssq sub-encoding to TS1/0 on input line 382.
Package textcomp Info: Setting lmvtt sub-encoding to TS1/0 on input line 383.
Package textcomp Info: Setting lmtt sub-encoding to TS1/0 on input line 384.
Package textcomp Info: Setting qhv sub-encoding to TS1/0 on input line 385.
Package textcomp Info: Setting qag sub-encoding to TS1/0 on input line 386.
Package textcomp Info: Setting qbk sub-encoding to TS1/0 on input line 387.
Package textcomp Info: Setting qcr sub-encoding to TS1/0 on input line 388.
Package textcomp Info: Setting qcs sub-encoding to TS1/0 on input line 389.
Package textcomp Info: Setting qpl sub-encoding to TS1/0 on input line 390.
Package textcomp Info: Setting qtm sub-encoding to TS1/0 on input line 391.
Package textcomp Info: Setting qzc sub-encoding to TS1/0 on input line 392.
Package textcomp Info: Setting qhvc sub-encoding to TS1/0 on input line 393.
Package textcomp Info: Setting futs sub-encoding to TS1/4 on input line 394.
Package textcomp Info: Setting futx sub-encoding to TS1/4 on input line 395.
Package textcomp Info: Setting futj sub-encoding to TS1/4 on input line 396.
Package textcomp Info: Setting hlh sub-encoding to TS1/3 on input line 397.
Package textcomp Info: Setting hls sub-encoding to TS1/3 on input line 398.
Package textcomp Info: Setting hlst sub-encoding to TS1/3 on input line 399.
Package textcomp Info: Setting hlct sub-encoding to TS1/5 on input line 400.
Package textcomp Info: Setting hlx sub-encoding to TS1/5 on input line 401.
Package textcomp Info: Setting hlce sub-encoding to TS1/5 on input line 402.
Package textcomp Info: Setting hlcn sub-encoding to TS1/5 on input line 403.
Package textcomp Info: Setting hlcw sub-encoding to TS1/5 on input line 404.
Package textcomp Info: Setting hlcf sub-encoding to TS1/5 on input line 405.
Package textcomp Info: Setting pplx sub-encoding to TS1/3 on input line 406.
Package textcomp Info: Setting pplj sub-encoding to TS1/3 on input line 407.
Package textcomp Info: Setting ptmx sub-encoding to TS1/4 on input line 408.
Package textcomp Info: Setting ptmj sub-encoding to TS1/4 on input line 409.
)
\ldescriptionwidth=\skip47

(/usr/local/texlive/2019/texmf-dist/tex/latex/base/fontenc.sty
Package: fontenc 2018/08/11 v2.0j Standard LaTeX package

(/usr/local/texlive/2019/texmf-dist/tex/latex/base/t1enc.def
File: t1enc.def 2018/08/11 v2.0j Standard LaTeX file
LaTeX Font Info:    Redeclaring font encoding T1 on input line 48.
))
(/usr/local/texlive/2019/texmf-dist/tex/latex/psnfss/times.sty
Package: times 2005/04/12 PSNFSS-v9.2a (SPQR) 
)
(/usr/local/texlive/2019/texmf-dist/tex/latex/inconsolata/zi4.sty
Package: zi4 2017/01/04 v1.112

`inconsolata-zi4' v1.112, 2017/01/04 Text macros for Inconsolata (msharpe)
(/usr/local/texlive/2019/texmf-dist/tex/latex/xkeyval/xkeyval.sty
Package: xkeyval 2014/12/03 v2.7a package option processing (HA)

(/usr/local/texlive/2019/texmf-dist/tex/generic/xkeyval/xkeyval.tex
(/usr/local/texlive/2019/texmf-dist/tex/generic/xkeyval/xkvutils.tex
\XKV@toks=\toks17
\XKV@tempa@toks=\toks18

(/usr/local/texlive/2019/texmf-dist/tex/generic/xkeyval/keyval.tex))
\XKV@depth=\count94
File: xkeyval.tex 2014/12/03 v2.7a key=value parser (HA)
))
\zifour@ocount=\count95
)
(/usr/local/texlive/2019/texmf-dist/tex/latex/graphics/color.sty
Package: color 2016/07/10 v1.1e Standard LaTeX Color (DPC)

(/usr/local/texlive/2019/texmf-dist/tex/latex/graphics-cfg/color.cfg
File: color.cfg 2016/01/02 v1.6 sample color configuration
)
Package color Info: Driver file: pdftex.def on input line 147.

(/usr/local/texlive/2019/texmf-dist/tex/latex/graphics-def/pdftex.def
File: pdftex.def 2018/01/08 v1.0l Graphics/color driver for pdftex
))
(/usr/local/texlive/2019/texmf-dist/tex/latex/hyperref/hyperref.sty
Package: hyperref 2018/11/30 v6.88e Hypertext links for LaTeX

(/usr/local/texlive/2019/texmf-dist/tex/generic/oberdiek/hobsub-hyperref.sty
Package: hobsub-hyperref 2016/05/16 v1.14 Bundle oberdiek, subset hyperref (HO)


(/usr/local/texlive/2019/texmf-dist/tex/generic/oberdiek/hobsub-generic.sty
Package: hobsub-generic 2016/05/16 v1.14 Bundle oberdiek, subset generic (HO)
Package: hobsub 2016/05/16 v1.14 Construct package bundles (HO)
Package: infwarerr 2016/05/16 v1.4 Providing info/warning/error messages (HO)
Package: ltxcmds 2016/05/16 v1.23 LaTeX kernel commands for general use (HO)
Package: ifluatex 2016/05/16 v1.4 Provides the ifluatex switch (HO)
Package ifluatex Info: LuaTeX not detected.
Package: ifvtex 2016/05/16 v1.6 Detect VTeX and its facilities (HO)
Package ifvtex Info: VTeX not detected.
Package: intcalc 2016/05/16 v1.2 Expandable calculations with integers (HO)
Package: ifpdf 2018/09/07 v3.3 Provides the ifpdf switch
Package: etexcmds 2016/05/16 v1.6 Avoid name clashes with e-TeX commands (HO)
Package: kvsetkeys 2016/05/16 v1.17 Key value parser (HO)
Package: kvdefinekeys 2016/05/16 v1.4 Define keys (HO)
Package: pdftexcmds 2018/09/10 v0.29 Utility functions of pdfTeX for LuaTeX (HO
)
Package pdftexcmds Info: LuaTeX not detected.
Package pdftexcmds Info: \pdf@primitive is available.
Package pdftexcmds Info: \pdf@ifprimitive is available.
Package pdftexcmds Info: \pdfdraftmode found.
Package: pdfescape 2016/05/16 v1.14 Implements pdfTeX's escape features (HO)
Package: bigintcalc 2016/05/16 v1.4 Expandable calculations on big integers (HO
)
Package: bitset 2016/05/16 v1.2 Handle bit-vector datatype (HO)
Package: uniquecounter 2016/05/16 v1.3 Provide unlimited unique counter (HO)
)
Package hobsub Info: Skipping package `hobsub' (already loaded).
Package: letltxmacro 2016/05/16 v1.5 Let assignment for LaTeX macros (HO)
Package: hopatch 2016/05/16 v1.3 Wrapper for package hooks (HO)
Package: xcolor-patch 2016/05/16 xcolor patch
Package: atveryend 2016/05/16 v1.9 Hooks at the very end of document (HO)
Package atveryend Info: \enddocument detected (standard20110627).
Package: atbegshi 2016/06/09 v1.18 At begin shipout hook (HO)
Package: refcount 2016/05/16 v3.5 Data extraction from label references (HO)
Package: hycolor 2016/05/16 v1.8 Color options for hyperref/bookmark (HO)
)
(/usr/local/texlive/2019/texmf-dist/tex/generic/ifxetex/ifxetex.sty
Package: ifxetex 2010/09/12 v0.6 Provides ifxetex conditional
)
(/usr/local/texlive/2019/texmf-dist/tex/latex/oberdiek/auxhook.sty
Package: auxhook 2016/05/16 v1.4 Hooks for auxiliary files (HO)
)
(/usr/local/texlive/2019/texmf-dist/tex/latex/oberdiek/kvoptions.sty
Package: kvoptions 2016/05/16 v3.12 Key value format for package options (HO)
)
\@linkdim=\dimen104
\Hy@linkcounter=\count96
\Hy@pagecounter=\count97

(/usr/local/texlive/2019/texmf-dist/tex/latex/hyperref/pd1enc.def
File: pd1enc.def 2018/11/30 v6.88e Hyperref: PDFDocEncoding definition (HO)
Now handling font encoding PD1 ...
... no UTF-8 mapping file for font encoding PD1
)
\Hy@SavedSpaceFactor=\count98

(/usr/local/texlive/2019/texmf-dist/tex/latex/latexconfig/hyperref.cfg
File: hyperref.cfg 2002/06/06 v1.2 hyperref configuration of TeXLive
)
Package hyperref Info: Hyper figures OFF on input line 4519.
Package hyperref Info: Link nesting OFF on input line 4524.
Package hyperref Info: Hyper index ON on input line 4527.
Package hyperref Info: Plain pages OFF on input line 4534.
Package hyperref Info: Backreferencing OFF on input line 4539.
Package hyperref Info: Implicit mode ON; LaTeX internals redefined.
Package hyperref Info: Bookmarks ON on input line 4772.
\c@Hy@tempcnt=\count99
LaTeX Info: Redefining \url on input line 5125.
\XeTeXLinkMargin=\dimen105
\Fld@menulength=\count100
\Field@Width=\dimen106
\Fld@charsize=\dimen107
Package hyperref Info: Hyper figures OFF on input line 6380.
Package hyperref Info: Link nesting OFF on input line 6385.
Package hyperref Info: Hyper index ON on input line 6388.
Package hyperref Info: backreferencing OFF on input line 6395.
Package hyperref Info: Link coloring OFF on input line 6400.
Package hyperref Info: Link coloring with OCG OFF on input line 6405.
Package hyperref Info: PDF/A mode OFF on input line 6410.
LaTeX Info: Redefining \ref on input line 6450.
LaTeX Info: Redefining \pageref on input line 6454.
\Hy@abspage=\count101
\c@Item=\count102
\c@Hfootnote=\count103
)
Package hyperref Info: Driver (autodetected): hpdftex.

(/usr/local/texlive/2019/texmf-dist/tex/latex/hyperref/hpdftex.def
File: hpdftex.def 2018/11/30 v6.88e Hyperref driver for pdfTeX
\Fld@listcount=\count104
\c@bookmark@seq@number=\count105

(/usr/local/texlive/2019/texmf-dist/tex/latex/oberdiek/rerunfilecheck.sty
Package: rerunfilecheck 2016/05/16 v1.8 Rerun checks for auxiliary files (HO)
Package uniquecounter Info: New unique counter `rerunfilecheck' on input line 2
82.
)
\Hy@SectionHShift=\skip48
)

Package hyperref Warning: Option `hyperindex' has already been used,
(hyperref)                setting the option has no effect on input line 377.

Package hyperref Info: Option `colorlinks' set `true' on input line 377.

Package hyperref Warning: Option `pagebackref' has already been used,
(hyperref)                setting the option has no effect on input line 377.

Package hyperref Info: Option `linktocpage' set `true' on input line 377.
Package hyperref Info: Option `plainpages' set `false' on input line 377.
) (/usr/local/texlive/2019/texmf-dist/tex/latex/base/makeidx.sty
Package: makeidx 2014/09/29 v1.0m Standard LaTeX package
)
(/usr/local/texlive/2019/texmf-dist/tex/latex/base/inputenc.sty
Package: inputenc 2018/08/11 v1.3c Input encoding file
\inpenc@prehook=\toks19
\inpenc@posthook=\toks20

(/usr/local/texlive/2019/texmf-dist/tex/latex/base/latin1.def
File: latin1.def 2018/08/11 v1.3c Input encoding file
))
\@indexfile=\write3
\openout3 = `Rd2.idx'.


Writing index file Rd2.idx

(/private/var/folders/xv/qglvkhrs30ndqsdc0__sx9lc0000gn/T/RtmpyY6mwE/Rd2pdfac8c
1a094b45/Rd2.aux)
\openout1 = `Rd2.aux'.

LaTeX Font Info:    Checking defaults for OML/cmm/m/it on input line 8.
LaTeX Font Info:    ... okay on input line 8.
LaTeX Font Info:    Checking defaults for T1/cmr/m/n on input line 8.
LaTeX Font Info:    ... okay on input line 8.
LaTeX Font Info:    Checking defaults for OT1/cmr/m/n on input line 8.
LaTeX Font Info:    ... okay on input line 8.
LaTeX Font Info:    Checking defaults for OMS/cmsy/m/n on input line 8.
LaTeX Font Info:    ... okay on input line 8.
LaTeX Font Info:    Checking defaults for OMX/cmex/m/n on input line 8.
LaTeX Font Info:    ... okay on input line 8.
LaTeX Font Info:    Checking defaults for U/cmr/m/n on input line 8.
LaTeX Font Info:    ... okay on input line 8.
LaTeX Font Info:    Checking defaults for TS1/cmr/m/n on input line 8.
LaTeX Font Info:    Try loading font information for TS1+cmr on input line 8.
 (/usr/local/texlive/2019/texmf-dist/tex/latex/base/ts1cmr.fd
File: ts1cmr.fd 2014/09/29 v2.5h Standard LaTeX font definitions
)
LaTeX Font Info:    ... okay on input line 8.
LaTeX Font Info:    Checking defaults for PD1/pdf/m/n on input line 8.
LaTeX Font Info:    ... okay on input line 8.
LaTeX Font Info:    Try loading font information for T1+ptm on input line 8.
(/usr/local/texlive/2019/texmf-dist/tex/latex/psnfss/t1ptm.fd
File: t1ptm.fd 2001/06/04 font definitions for T1/ptm.
)
(/usr/local/texlive/2019/texmf-dist/tex/context/base/mkii/supp-pdf.mkii
[Loading MPS to PDF converter (version 2006.09.02).]
\scratchcounter=\count106
\scratchdimen=\dimen108
\scratchbox=\box31
\nofMPsegments=\count107
\nofMParguments=\count108
\everyMPshowfont=\toks21
\MPscratchCnt=\count109
\MPscratchDim=\dimen109
\MPnumerator=\count110
\makeMPintoPDFobject=\count111
\everyMPtoPDFconversion=\toks22
)
\AtBeginShipoutBox=\box32
Package hyperref Info: Link coloring ON on input line 8.
 (/usr/local/texlive/2019/texmf-dist/tex/latex/hyperref/nameref.sty
Package: nameref 2016/05/21 v2.44 Cross-referencing by name of section

(/usr/local/texlive/2019/texmf-dist/tex/generic/oberdiek/gettitlestring.sty
Package: gettitlestring 2016/05/16 v1.5 Cleanup title references (HO)
)
\c@section@level=\count112
)
LaTeX Info: Redefining \ref on input line 8.
LaTeX Info: Redefining \pageref on input line 8.
LaTeX Info: Redefining \nameref on input line 8.

(/private/var/folders/xv/qglvkhrs30ndqsdc0__sx9lc0000gn/T/RtmpyY6mwE/Rd2pdfac8c
1a094b45/Rd2.out)
(/private/var/folders/xv/qglvkhrs30ndqsdc0__sx9lc0000gn/T/RtmpyY6mwE/Rd2pdfac8c
1a094b45/Rd2.out)
\@outlinefile=\write4
\openout4 = `Rd2.out'.

LaTeX Font Info:    Font shape `T1/ptm/bx/n' in size <24.88> not available
(Font)              Font shape `T1/ptm/b/n' tried instead on input line 9.
LaTeX Font Info:    Font shape `T1/ptm/bx/n' in size <10> not available
(Font)              Font shape `T1/ptm/b/n' tried instead on input line 11.
LaTeX Font Info:    Font shape `T1/ptm/bx/n' in size <20.74> not available
(Font)              Font shape `T1/ptm/b/n' tried instead on input line 11.
LaTeX Font Info:    Try loading font information for T1+zi4 on input line 19.

(/usr/local/texlive/2019/texmf-dist/tex/latex/inconsolata/t1zi4.fd
File: t1zi4.fd 2018/01/14 T1/zi4 (Inconsolata)
)
LaTeX Font Info:    Font shape `T1/zi4/m/n' will be
(Font)              scaled to size 10.0pt on input line 19.
LaTeX Font Info:    External font `cmex10' loaded for size
(Font)              <7> on input line 45.
LaTeX Font Info:    External font `cmex10' loaded for size
(Font)              <5> on input line 45.
 [1


{/usr/local/texlive/2019/texmf-var/fonts/map/pdftex/updmap/pdftex.map}]
LaTeX Font Info:    Font shape `T1/ptm/bx/n' in size <14.4> not available
(Font)              Font shape `T1/ptm/b/n' tried instead on input line 58.
LaTeX Font Info:    Try loading font information for T1+phv on input line 58.

(/usr/local/texlive/2019/texmf-dist/tex/latex/psnfss/t1phv.fd
File: t1phv.fd 2001/06/04 scalable font definitions for T1/phv.
)
(/private/var/folders/xv/qglvkhrs30ndqsdc0__sx9lc0000gn/T/RtmpyY6mwE/Rd2pdfac8c
1a094b45/Rd2.toc [2])
\tf@toc=\write5
\openout5 = `Rd2.toc'.


(/usr/local/texlive/2019/texmf-dist/tex/latex/base/utf8.def
File: utf8.def 2018/10/05 v1.2f UTF-8 support for inputenc
) [3]
LaTeX Font Info:    Font shape `T1/zi4/m/n' will be
(Font)              scaled to size 9.0pt on input line 106.
 [4] [5]
LaTeX Font Info:    Try loading font information for TS1+zi4 on input line 222.


(/usr/local/texlive/2019/texmf-dist/tex/latex/inconsolata/ts1zi4.fd
File: ts1zi4.fd 2018/01/14 TS1/zi4 (Inconsolata)
)
LaTeX Font Info:    Font shape `TS1/zi4/m/n' will be
(Font)              scaled to size 9.0pt on input line 222.
 [6]
[7] [8] [9] [10] [11] [12]
Overfull \hbox (1.7093pt too wide) in paragraph at lines 730--735
\T1/ptm/m/n/10 ance func-tions for \T1/zi4/m/n/10 sim.rf \T1/ptm/m/n/10 (See de
-tails be-low.) or to \T1/zi4/m/n/10 circulantEmbeddingSetup
 []


Overfull \hbox (2.3797pt too wide) in paragraph at lines 755--758
[]\T1/ptm/m/n/10 The func-tions \T1/zi4/m/n/10 circulantEmbedding \T1/ptm/m/n/1
0 and \T1/zi4/m/n/10 circulantEmbeddingSetup \T1/ptm/m/n/10 are more re-cent \T
1/zi4/m/n/10 fields \T1/ptm/m/n/10 func-
 []

[13] [14] [15]
LaTeX Font Info:    Try loading font information for TS1+ptm on input line 921.

 (/usr/local/texlive/2019/texmf-dist/tex/latex/psnfss/ts1ptm.fd
File: ts1ptm.fd 2001/06/04 font definitions for TS1/ptm.
)
[16] [17] [18]
Underfull \vbox (badness 10000) has occurred while \output is active []

 [19]
[20] [21] [22]
Overfull \hbox (6.72661pt too wide) in paragraph at lines 1394--1397
[]\T1/ptm/m/n/10 A sym-met-ric ma-trix stored as a vec-tor con-tain-ing el-e-me
nts for the lower-triangular
 []

[23] [24] [25]
Overfull \hbox (15.78853pt too wide) in paragraph at lines 1638--1640
[]\T1/ptm/m/n/10 Any other ar-gu-ments that will be passed to the co-vari-ance 
func-tion. e.g. \T1/zi4/m/n/10 smoothness
 []

[26]
Overfull \hbox (9.35684pt too wide) in paragraph at lines 1684--1686
[]\T1/ptm/m/n/10 If marginal is TRUE then just the di-ag-o-nal el-e-ments are r
e-turned (in R code \T1/zi4/m/n/10 diag( exp(-rdist(u,u))
 []


Overfull \hbox (21.78088pt too wide) in paragraph at lines 1713--1714
[]\T1/zi4/m/n/10 stationary.cov( x1,x2,aRange=MyTheta,Distance= "rdist",Covaria
nce="Exponential") 
 []


Overfull \hbox (69.28088pt too wide) in paragraph at lines 1718--1719
[]\T1/zi4/m/n/10 stationary.cov( x1,x2,aRange=MyTheta,Distance= "rdist",Covaria
nce="Matern",smoothness=.5)\T1/ptm/m/n/10 . 
 []

[27]
Underfull \vbox (badness 10000) has occurred while \output is active []

 [28]
[29] [30] [31]
Overfull \hbox (2.50737pt too wide) in paragraph at lines 2044--2048
\T1/ptm/m/n/10 duces the re-turned ob-ject size. The can-di-date ma-trix is use
d by plot.spatial.design
 []

[32] [33] [34] [35] [36] [37] [38] [39] [40] [41] [42] [43]
Overfull \hbox (11.5285pt too wide) in paragraph at lines 2927--2933
[]\T1/ptm/m/n/10 IMPORTANT: If the R ob-ject \T1/zi4/m/n/10 test.for.zero.flag 
\T1/ptm/m/n/10 ex-ists with any value ( e.g. \T1/zi4/m/n/10 test.for.zero.flag
 []

[44] [45] [46]
Overfull \hbox (20.22874pt too wide) in paragraph at lines 3169--3169
 []\T1/zi4/m/n/9 glist<- fields.x.to.grid(x, nx=80, ny=80) # this is a cute way
 to get a default grid that covers x[] 
 []

[47] [48]
Underfull \vbox (badness 10000) has occurred while \output is active []

 [49]
Underfull \vbox (badness 10000) has occurred while \output is active []

 [50]
[51] [52] [53]
Underfull \vbox (badness 10000) has occurred while \output is active []

 [54]
Overfull \hbox (21.42029pt too wide) in paragraph at lines 3665--3665
 []\T1/zi4/m/n/10 grid, M=NULL,N=NULL,cov.function="stationary.cov", delta = NU
LL, cov.args = NULL, ...)[] 
 []

[55] [56] [57]
LaTeX Font Info:    Font shape `TS1/zi4/m/n' will be
(Font)              scaled to size 10.0pt on input line 3894.
 [58] [59] [60] [61] [62] [63]
Underfull \vbox (badness 10000) has occurred while \output is active []

 [64]
Underfull \vbox (badness 10000) has occurred while \output is active []

 [65]
Underfull \vbox (badness 10000) has occurred while \output is active []

 [66]
[67]
Overfull \hbox (0.327pt too wide) in paragraph at lines 4573--4576
[]\T1/ptm/m/n/10 The smoothed im-age in R im-age for-mat. ( A list with com-po-
nents x, y and z.) \T1/zi4/m/n/10 setup.image.smooth
 []

[68]
Underfull \vbox (badness 10000) has occurred while \output is active []

 [69]
[70] [71] [72] [73]
Overfull \hbox (15.19753pt too wide) in paragraph at lines 5000--5004
\T1/ptm/m/n/10 The de-fault if NULL, as-signed at the top level of this func-ti
on, is list( pivot=FALSE).
 []

[74] [75] [76] [77]
Overfull \hbox (16.04765pt too wide) in paragraph at lines 5347--5349
[]\T1/ptm/m/n/10 Value of the smooth-ing pa-ram-e-ter used in the fit. Lambda i
s de-fined as tau**2/sigma.
 []

[78]
Overfull \hbox (12.12689pt too wide) in paragraph at lines 5407--5410
[]\T1/ptm/m/n/10 summary.Krig, pre-dict.Krig, pre-dictSE.Krig, pre-dict-Sur-fac
eSE, pre-dict-Sur-face, plot.Krig, sur-face.Krig 
 []

[79]
Underfull \vbox (badness 10000) has occurred while \output is active []

 [80]
[81] [82] [83] [84] [85] [86] [87] [88] [89] [90] [91]
Overfull \hbox (8.55748pt too wide) in paragraph at lines 6253--6255
[]\T1/ptm/m/n/10 Krig, sur-face.mKrig, Tps, fastTps, pre-dict-Sur-face, pre-dic
tSE.mKrig, sim.mKrig.approx,  [][]\T1/zi4/m/n/10 mKrig.grid[][][] 
 []

[92]
Underfull \vbox (badness 10000) has occurred while \output is active []

 [93]
Underfull \vbox (badness 10000) has occurred while \output is active []

 [94]
[95]
Overfull \hbox (6.15796pt too wide) in paragraph at lines 6506--6507
[]\T1/ptm/m/n/10 A list of ad-di-tional pa-ram-e-ters to sup-ply to the \T1/zi4
/m/n/10 mKrig \T1/ptm/m/n/10 func-tion. E.g. \T1/zi4/m/n/10 mKrig.args=
 []


Overfull \hbox (23.47847pt too wide) in paragraph at lines 6508--6512
[]\T1/zi4/m/n/10 mKrig \T1/ptm/m/n/10 func-tion that are dis-tinct from the co-
vari-ance model. For ex-am-ple \T1/zi4/m/n/10 mKrig.args=
 []


Overfull \hbox (322.05087pt too wide) in paragraph at lines 6517--6532
\T1/zi4/m/n/10 optim.args = list(method = "BFGS",control=list(fnscale = -1,ndep
s = rep(log(1.1),length(cov.params.start)+1),abstol=1e-04,maxit=20))
 []

[96] [97] [98]
Underfull \vbox (badness 10000) has occurred while \output is active []

 [99]
[100]
Overfull \hbox (116.43051pt too wide) in paragraph at lines 6850--6850
 []  \T1/zi4/m/n/10 xStereo<- mapproject( NorthAmericanRainfall$lon,NorthAmeric
anRainfall$lat, projection="stereographic")[] 
 []

[101] [102] [103] [104] [105] [106] [107] [108] [109] [110] [111] [112]
[113] [114] [115] [116] [117]
Overfull \hbox (16.38962pt too wide) in paragraph at lines 8038--8038
 []\T1/zi4/m/n/10 QTps(x, Y, ..., f.start = NULL, psi.scale = NULL, C = 1, alph
a = 0.5, Niterations = 100,[] 
 []


Overfull \hbox (8.56746pt too wide) in paragraph at lines 8054--8055
[]\T1/ptm/m/n/10 Value of the smooth-ing pa-ram-e-ter. If NA found by an ap-pro
x-i-mate corss-validation
 []

[118]
Overfull \hbox (80.53842pt too wide) in paragraph at lines 8081--8082
\T1/ptm/m/n/10 func-tion es-ti-mate. Specif-i-cally if the cri-te-rion \T1/zi4/
m/n/10 mean(abs(f.hat.new -f.hat))/mean(abs(f.hat))
 []


Overfull \hbox (3.90088pt too wide) in paragraph at lines 8103--8114
[] \T1/zi4/m/n/10 Y.psuedo<-f.hat + psi.scale* psi.wght( Y -f.hat,psi.scale=psi
.scale,alpha=alpha) \T1/ptm/m/n/10 A
 []

[119] [120]
Underfull \vbox (badness 10000) has occurred while \output is active []

 [121]
Overfull \hbox (12.75021pt too wide) in paragraph at lines 8276--8276
 []     \T1/zi4/m/n/9 temp.obj<- QTps(rat.diet$t,rat.diet$con, f.start=fhat.old
,  psi.scale=.5, tolerance=1e-6,[] 
 []

[122] [123] [124] [125] [126]
Overfull \hbox (5.32745pt too wide) in paragraph at lines 8592--8597
\T1/ptm/m/n/10 ma-trix among all pair-ings or a sparse ver-sion for points with
in a fixed thresh-hold dis-tance. \T1/zi4/m/n/10 rdist.vec
 []

[127] [128] [129]
Overfull \hbox (23.91594pt too wide) in paragraph at lines 8788--8789
\T1/ptm/m/n/10 spec-i-fied, the new C im-ple-men-ta-tion is faster. In the case
 where 'x1' and 'x2' are given, fields::rdist.earth()
 []

[130]
Overfull \hbox (5.34082pt too wide) in paragraph at lines 8899--8902
[][]$\T1/zi4/m/n/10 https : / / r . 789695 . n4 . nabble . com / Registration-[
]of-[]native-[]routines-[]td4728874 . html$[][] \T1/ptm/m/n/10 for
 []

[131] [132]
Overfull \hbox (63.06992pt too wide) in paragraph at lines 9071--9071
 []\T1/zi4/m/n/10 station.subset<-  (loc[,1]>= xr[1]) & (loc[,1] <= xr[2]) & (l
oc[,2]>= yr[1]) & (loc[,2]<= yr[2])[] 
 []

[133] [134] [135] [136] [137]
Overfull \hbox (0.89897pt too wide) in paragraph at lines 9390--9393
[]\T1/zi4/m/n/10 sim.Krig and sim.spatialProcess \T1/ptm/m/n/10 a ma-trix with 
rows in-dexed by the lo-ca-tions in \T1/zi4/m/n/10 xp \T1/ptm/m/n/10 and column
s
 []

[138]
Underfull \vbox (badness 10000) has occurred while \output is active []

 [139]
Underfull \vbox (badness 10000) has occurred while \output is active []

 [140]
[141] [142] [143] [144] [145]
Overfull \hbox (28.87877pt too wide) in paragraph at lines 9938--9946
\T1/zi4/m/n/10 cov.args \T1/ptm/m/n/10 is also NULL this is filled in as  \T1/z
i4/m/n/10 list(Covariance = "Matern",smoothness
 []


Overfull \hbox (81.06883pt too wide) in paragraph at lines 9958--9962
\T1/ptm/m/n/10 vari-ance pa-ram-e-ters spec-i-fied in \T1/zi4/m/n/10 spatialPro
cess \T1/ptm/m/n/10 and then passed to \T1/zi4/m/n/10 spatialProcessSetDefaults
 
 []

[146] [147]
Overfull \hbox (29.73868pt too wide) in paragraph at lines 10116--10129
\T1/ptm/m/n/10 . The fourth plot is a pro-file log like-li-hood trace for aRang
e based on  \T1/zi4/m/n/10 aRangeProfile$MLEProfileLambda\T1/ptm/m/n/10 . 
 []

[148] [149]
Underfull \vbox (badness 10000) has occurred while \output is active []

 [150]
Underfull \vbox (badness 10000) has occurred while \output is active []

 [151]
Underfull \vbox (badness 10000) has occurred while \output is active []

 [152]
[153] [154] [155] [156]
Overfull \hbox (7.85754pt too wide) in paragraph at lines 10722--10727
[]\T1/ptm/m/n/10 Matrix con-tain-ing di-ag-o-nal el-e-ments of the smooth-ing m
a-trix. Num-ber of columns
 []

[157] [158] [159] [160] [161] [162] [163] [164] [165] [166] [167] [168]
Overfull \hbox (10.27838pt too wide) in paragraph at lines 11586--11595
\T1/ptm/m/n/10 color scale for ren-der-ing aerial pho-tos of ski trails. (See [
][]$\T1/zi4/m/n/10 https : / / github . com / dnychka / MJProject$[][]\T1/ptm/m
/n/10 .)
 []

[169] [170] [171]
Overfull \hbox (16.37779pt too wide) in paragraph at lines 11832--11834
[]\T1/ptm/m/n/10 Variance of er-rors or if weights are not equal to 1 the vari-
ance is tau**2/weight. 
 []

[172] [173]
Overfull \hbox (29.401pt too wide) in paragraph at lines 11982--11994
[][][]\T1/zi4/m/n/10 Krig[][][]\T1/ptm/m/n/10 , [][]\T1/zi4/m/n/10 mKrig[][][]\
T1/ptm/m/n/10 , [][]\T1/zi4/m/n/10 spatialProcess[][][]\T1/ptm/m/n/10 , [][]\T1
/zi4/m/n/10 sim.spatialProcess[][][]\T1/ptm/m/n/10 , [][]\T1/zi4/m/n/10 summary
.Krig[][][]\T1/ptm/m/n/10 , [][]\T1/zi4/m/n/10 predict.Krig[][][]\T1/ptm/m/n/10
 , [][]\T1/zi4/m/n/10 predictSE.Krig[][][]\T1/ptm/m/n/10 ,
 []

[174]
Underfull \vbox (badness 10000) has occurred while \output is active []

 [175]
Underfull \vbox (badness 10000) has occurred while \output is active []

 [176]
Underfull \vbox (badness 10000) has occurred while \output is active []

 [177]
[178] [179]
Overfull \hbox (36.41006pt too wide) in paragraph at lines 12363--12363
 []\T1/zi4/m/n/10 boxplotVGram(x, N=10, breaks = pretty(x$d, N, eps.correct = 1
), plot=TRUE, plot.args, ...)[] 
 []

[180]
Overfull \hbox (2.49779pt too wide) in paragraph at lines 12428--12430
[]\T1/ptm/m/n/10 If \T1/zi4/m/n/10 TRUE\T1/ptm/m/n/10 , cre-ates a plot, oth-er
-wise re-turns var-i-ogram statis-tics out-put by \T1/zi4/m/n/10 bplot.xy\T1/pt
m/m/n/10 . 
 []


Overfull \hbox (29.68954pt too wide) in paragraph at lines 12440--12442
[]\T1/ptm/m/n/10 Additional ar-gu-ment passed to \T1/zi4/m/n/10 plot \T1/ptm/m/
n/10 for \T1/zi4/m/n/10 plot.vgram \T1/ptm/m/n/10 or to \T1/zi4/m/n/10 bplot.xy
 \T1/ptm/m/n/10 for \T1/zi4/m/n/10 boxplotVGram\T1/ptm/m/n/10 . 
 []

[181] [182] [183] [184]
Overfull \hbox (3.01924pt too wide) in paragraph at lines 12711--12715
\T1/ptm/m/n/10 and \T1/zi4/m/n/10 dimension \T1/ptm/m/n/10 in the func-tion \T1
/zi4/m/n/10 wendland.eval\T1/ptm/m/n/10 . The ma-trix of co-ef-fi-cients found 
by \T1/zi4/m/n/10 Wendland.beta
 []

[185] [186]
Overfull \hbox (11.86746pt too wide) in paragraph at lines 12845--12848
[]\T1/ptm/m/n/10 This a 75X5 ma-trix with the row names iden-ti-fy-ing coun-tri
es and columns the co-vari-ables:  \T1/zi4/m/n/10 "GDP.cap"
 []

[187] [188] [189]
(/private/var/folders/xv/qglvkhrs30ndqsdc0__sx9lc0000gn/T/RtmpyY6mwE/Rd2pdfac8c
1a094b45/Rd2.ind [190] [191

]

LaTeX Font Warning: Font shape `T1/zi4/m/it' undefined
(Font)              using `T1/zi4/m/n' instead on input line 102.

LaTeX Font Info:    Font shape `T1/zi4/m/it' will be
(Font)              scaled to size 10.0pt on input line 109.
[192] [193] [194] [195

])
Package atveryend Info: Empty hook `BeforeClearDocument' on input line 13006.
Package atveryend Info: Empty hook `AfterLastShipout' on input line 13006.

(/private/var/folders/xv/qglvkhrs30ndqsdc0__sx9lc0000gn/T/RtmpyY6mwE/Rd2pdfac8c
1a094b45/Rd2.aux)
Package atveryend Info: Executing hook `AtVeryEndDocument' on input line 13006.

Package atveryend Info: Executing hook `AtEndAfterFileList' on input line 13006
.
Package rerunfilecheck Info: File `Rd2.out' has not changed.
(rerunfilecheck)             Checksum: 6D15F7898CD555AB2A39F1E924D32C0E;4670.


LaTeX Font Warning: Some font shapes were not available, defaults substituted.

Package atveryend Info: Empty hook `AtVeryVeryEnd' on input line 13006.
 ) 
Here is how much of TeX's memory you used:
 7459 strings out of 492616
 107592 string characters out of 6129482
 182144 words of memory out of 5000000
 10207 multiletter control sequences out of 15000+600000
 41653 words of font info for 52 fonts, out of 8000000 for 9000
 1141 hyphenation exceptions out of 8191
 38i,6n,36p,639b,592s stack positions out of 5000i,500n,10000p,200000b,80000s
pdfTeX warning (dest): name{Rfn.NativeSymbolInfo} has been referenced but doe
s not exist, replaced by a fixed one

pdfTeX warning (dest): name{Rfn.dist} has been referenced but does not exist, r
eplaced by a fixed one

pdfTeX warning (dest): name{Rfn.optim} has been referenced but does not exist, 
replaced by a fixed one

pdfTeX warning (dest): name{Rfn.surface} has been referenced but does not exist
, replaced by a fixed one

{/usr/local/texlive/2019/texmf-dist/fonts/enc/dvips/inconsolata/i4-ts1.enc}{/us
r/local/texlive/2019/texmf-dist/fonts/enc/dvips/base/8r.enc}{/usr/local/texlive
/2019/texmf-dist/fonts/enc/dvips/inconsolata/i4-t1-0.enc}</usr/local/texlive/20
19/texmf-dist/fonts/type1/public/inconsolata/Inconsolata-zi4r.pfb></usr/local/t
exlive/2019/texmf-dist/fonts/type1/public/amsfonts/cm/cmsy10.pfb></usr/local/te
xlive/2019/texmf-dist/fonts/type1/urw/helvetic/uhvr8a.pfb></usr/local/texlive/2
019/texmf-dist/fonts/type1/urw/times/utmb8a.pfb></usr/local/texlive/2019/texmf-
dist/fonts/type1/urw/times/utmr8a.pfb></usr/local/texlive/2019/texmf-dist/fonts
/type1/urw/times/utmr8a.pfb></usr/local/texlive/2019/texmf-dist/fonts/type1/urw
/times/utmri8a.pfb>
Output written on Rd2.pdf (195 pages, 526159 bytes).
PDF statistics:
 2835 PDF objects out of 2984 (max. 8388607)
 2604 compressed objects within 27 object streams
 1076 named destinations out of 1200 (max. 500000)
 697 words of extra memory for PDF output out of 10000 (max. 10000000)

